{
    "%{REZ_PACKAGE_VERSION $== REZ_ONMAYAUTILS_VERSION=0.1.126}": {
        "captures": [
            "{\"REZ_PACKAGE_VERSION\": \"REZ_ONMAYAUTILS_VERSION=0.1.126\", \"package_version\": \"0.1.126\", \"C1_REZ_PACKAGE_VERSION\": \"REZ_ONMAYAUTILS_VERSION=0.1.126\", \"package_name\": \"ONMAYAUTILS\"}",
            "{\"REZ_PACKAGE_VERSION\": \"REZ_ONMAYAUTILS_VERSION=0.1.126\", \"package_version\": \"0.1.126\", \"C1_REZ_PACKAGE_VERSION\": \"REZ_ONMAYAUTILS_VERSION=0.1.126\", \"package_name\": \"ONMAYAUTILS\"}",
            "{\"REZ_PACKAGE_VERSION\": \"REZ_ONMAYAUTILS_VERSION=0.1.126\", \"package_version\": \"0.1.126\", \"C1_REZ_PACKAGE_VERSION\": \"REZ_ONMAYAUTILS_VERSION=0.1.126\", \"package_name\": \"ONMAYAUTILS\"}",
            "{\"REZ_PACKAGE_VERSION\": \"REZ_ONMAYAUTILS_VERSION=0.1.126\", \"package_version\": \"0.1.126\", \"C1_REZ_PACKAGE_VERSION\": \"REZ_ONMAYAUTILS_VERSION=0.1.126\", \"package_name\": \"ONMAYAUTILS\"}",
            "{\"REZ_PACKAGE_VERSION\": \"REZ_ONMAYAUTILS_VERSION=0.1.126\", \"package_version\": \"0.1.126\", \"C1_REZ_PACKAGE_VERSION\": \"REZ_ONMAYAUTILS_VERSION=0.1.126\", \"package_name\": \"ONMAYAUTILS\"}",
            "{\"REZ_PACKAGE_VERSION\": \"REZ_ONMAYAUTILS_VERSION=0.1.126\", \"package_version\": \"0.1.126\", \"C1_REZ_PACKAGE_VERSION\": \"REZ_ONMAYAUTILS_VERSION=0.1.126\", \"package_name\": \"ONMAYAUTILS\"}",
            "{\"REZ_PACKAGE_VERSION\": \"REZ_ONMAYAUTILS_VERSION=0.1.126\", \"package_version\": \"0.1.126\", \"C1_REZ_PACKAGE_VERSION\": \"REZ_ONMAYAUTILS_VERSION=0.1.126\", \"package_name\": \"ONMAYAUTILS\"}",
            "{\"REZ_PACKAGE_VERSION\": \"REZ_ONMAYAUTILS_VERSION=0.1.126\", \"package_version\": \"0.1.126\", \"C1_REZ_PACKAGE_VERSION\": \"REZ_ONMAYAUTILS_VERSION=0.1.126\", \"package_name\": \"ONMAYAUTILS\"}",
            "{\"REZ_PACKAGE_VERSION\": \"REZ_ONMAYAUTILS_VERSION=0.1.126\", \"package_version\": \"0.1.126\", \"C1_REZ_PACKAGE_VERSION\": \"REZ_ONMAYAUTILS_VERSION=0.1.126\", \"package_name\": \"ONMAYAUTILS\"}",
            "{\"REZ_PACKAGE_VERSION\": \"REZ_ONMAYAUTILS_VERSION=0.1.126\", \"package_version\": \"0.1.126\", \"C1_REZ_PACKAGE_VERSION\": \"REZ_ONMAYAUTILS_VERSION=0.1.126\", \"package_name\": \"ONMAYAUTILS\"}",
            "{\"REZ_PACKAGE_VERSION\": \"REZ_ONMAYAUTILS_VERSION=0.1.126\", \"package_version\": \"0.1.126\", \"C1_REZ_PACKAGE_VERSION\": \"REZ_ONMAYAUTILS_VERSION=0.1.126\", \"package_name\": \"ONMAYAUTILS\"}",
            "{\"REZ_PACKAGE_VERSION\": \"REZ_ONMAYAUTILS_VERSION=0.1.126\", \"package_version\": \"0.1.126\", \"C1_REZ_PACKAGE_VERSION\": \"REZ_ONMAYAUTILS_VERSION=0.1.126\", \"package_name\": \"ONMAYAUTILS\"}",
            "{\"REZ_PACKAGE_VERSION\": \"REZ_ONMAYAUTILS_VERSION=0.1.126\", \"package_version\": \"0.1.126\", \"C1_REZ_PACKAGE_VERSION\": \"REZ_ONMAYAUTILS_VERSION=0.1.126\", \"package_name\": \"ONMAYAUTILS\"}",
            "{\"REZ_PACKAGE_VERSION\": \"REZ_ONMAYAUTILS_VERSION=0.1.126\", \"package_version\": \"0.1.126\", \"C1_REZ_PACKAGE_VERSION\": \"REZ_ONMAYAUTILS_VERSION=0.1.126\", \"package_name\": \"ONMAYAUTILS\"}",
            "{\"REZ_PACKAGE_VERSION\": \"REZ_ONMAYAUTILS_VERSION=0.1.126\", \"package_version\": \"0.1.126\", \"C1_REZ_PACKAGE_VERSION\": \"REZ_ONMAYAUTILS_VERSION=0.1.126\", \"package_name\": \"ONMAYAUTILS\"}",
            "{\"REZ_PACKAGE_VERSION\": \"REZ_ONMAYAUTILS_VERSION=0.1.126\", \"package_version\": \"0.1.126\", \"C1_REZ_PACKAGE_VERSION\": \"REZ_ONMAYAUTILS_VERSION=0.1.126\", \"package_name\": \"ONMAYAUTILS\"}",
            "{\"REZ_PACKAGE_VERSION\": \"REZ_ONMAYAUTILS_VERSION=0.1.126\", \"package_version\": \"0.1.126\", \"C1_REZ_PACKAGE_VERSION\": \"REZ_ONMAYAUTILS_VERSION=0.1.126\", \"package_name\": \"ONMAYAUTILS\"}",
            "{\"REZ_PACKAGE_VERSION\": \"REZ_ONMAYAUTILS_VERSION=0.1.126\", \"package_version\": \"0.1.126\", \"C1_REZ_PACKAGE_VERSION\": \"REZ_ONMAYAUTILS_VERSION=0.1.126\", \"package_name\": \"ONMAYAUTILS\"}",
            "{\"REZ_PACKAGE_VERSION\": \"REZ_ONMAYAUTILS_VERSION=0.1.126\", \"package_version\": \"0.1.126\", \"C1_REZ_PACKAGE_VERSION\": \"REZ_ONMAYAUTILS_VERSION=0.1.126\", \"package_name\": \"ONMAYAUTILS\"}",
            "{\"REZ_PACKAGE_VERSION\": \"REZ_ONMAYAUTILS_VERSION=0.1.126\", \"package_version\": \"0.1.126\", \"C1_REZ_PACKAGE_VERSION\": \"REZ_ONMAYAUTILS_VERSION=0.1.126\", \"package_name\": \"ONMAYAUTILS\"}",
            "{\"REZ_PACKAGE_VERSION\": \"REZ_ONMAYAUTILS_VERSION=0.1.126\", \"package_version\": \"0.1.126\", \"C1_REZ_PACKAGE_VERSION\": \"REZ_ONMAYAUTILS_VERSION=0.1.126\", \"package_name\": \"ONMAYAUTILS\"}",
            "{\"REZ_PACKAGE_VERSION\": \"REZ_ONMAYAUTILS_VERSION=0.1.126\", \"package_version\": \"0.1.126\", \"C1_REZ_PACKAGE_VERSION\": \"REZ_ONMAYAUTILS_VERSION=0.1.126\", \"package_name\": \"ONMAYAUTILS\"}",
            "{\"REZ_PACKAGE_VERSION\": \"REZ_ONMAYAUTILS_VERSION=0.1.126\", \"package_version\": \"0.1.126\", \"C1_REZ_PACKAGE_VERSION\": \"REZ_ONMAYAUTILS_VERSION=0.1.126\", \"package_name\": \"ONMAYAUTILS\"}",
            "{\"REZ_PACKAGE_VERSION\": \"REZ_ONMAYAUTILS_VERSION=0.1.126\", \"package_version\": \"0.1.126\", \"C1_REZ_PACKAGE_VERSION\": \"REZ_ONMAYAUTILS_VERSION=0.1.126\", \"package_name\": \"ONMAYAUTILS\"}",
            "{\"REZ_PACKAGE_VERSION\": \"REZ_ONMAYAUTILS_VERSION=0.1.126\", \"package_version\": \"0.1.126\", \"C1_REZ_PACKAGE_VERSION\": \"REZ_ONMAYAUTILS_VERSION=0.1.126\", \"package_name\": \"ONMAYAUTILS\"}",
            "{\"REZ_PACKAGE_VERSION\": \"REZ_ONMAYAUTILS_VERSION=0.1.126\", \"package_version\": \"0.1.126\", \"C1_REZ_PACKAGE_VERSION\": \"REZ_ONMAYAUTILS_VERSION=0.1.126\", \"package_name\": \"ONMAYAUTILS\"}",
            "{\"REZ_PACKAGE_VERSION\": \"REZ_ONMAYAUTILS_VERSION=0.1.126\", \"package_version\": \"0.1.126\", \"C1_REZ_PACKAGE_VERSION\": \"REZ_ONMAYAUTILS_VERSION=0.1.126\", \"package_name\": \"ONMAYAUTILS\"}",
            "{\"REZ_PACKAGE_VERSION\": \"REZ_ONMAYAUTILS_VERSION=0.1.126\", \"package_version\": \"0.1.126\", \"C1_REZ_PACKAGE_VERSION\": \"REZ_ONMAYAUTILS_VERSION=0.1.126\", \"package_name\": \"ONMAYAUTILS\"}",
            "{\"REZ_PACKAGE_VERSION\": \"REZ_ONMAYAUTILS_VERSION=0.1.126\", \"package_version\": \"0.1.126\", \"C1_REZ_PACKAGE_VERSION\": \"REZ_ONMAYAUTILS_VERSION=0.1.126\", \"package_name\": \"ONMAYAUTILS\"}",
            "{\"REZ_PACKAGE_VERSION\": \"REZ_ONMAYAUTILS_VERSION=0.1.126\", \"package_version\": \"0.1.126\", \"C1_REZ_PACKAGE_VERSION\": \"REZ_ONMAYAUTILS_VERSION=0.1.126\", \"package_name\": \"ONMAYAUTILS\"}",
            "{\"REZ_PACKAGE_VERSION\": \"REZ_ONMAYAUTILS_VERSION=0.1.126\", \"package_version\": \"0.1.126\", \"C1_REZ_PACKAGE_VERSION\": \"REZ_ONMAYAUTILS_VERSION=0.1.126\", \"package_name\": \"ONMAYAUTILS\"}",
            "{\"REZ_PACKAGE_VERSION\": \"REZ_ONMAYAUTILS_VERSION=0.1.126\", \"package_version\": \"0.1.126\", \"C1_REZ_PACKAGE_VERSION\": \"REZ_ONMAYAUTILS_VERSION=0.1.126\", \"package_name\": \"ONMAYAUTILS\"}",
            "{\"REZ_PACKAGE_VERSION\": \"REZ_ONMAYAUTILS_VERSION=0.1.126\", \"package_version\": \"0.1.126\", \"C1_REZ_PACKAGE_VERSION\": \"REZ_ONMAYAUTILS_VERSION=0.1.126\", \"package_name\": \"ONMAYAUTILS\"}",
            "{\"REZ_PACKAGE_VERSION\": \"REZ_ONMAYAUTILS_VERSION=0.1.126\", \"package_version\": \"0.1.126\", \"C1_REZ_PACKAGE_VERSION\": \"REZ_ONMAYAUTILS_VERSION=0.1.126\", \"package_name\": \"ONMAYAUTILS\"}",
            "{\"REZ_PACKAGE_VERSION\": \"REZ_ONMAYAUTILS_VERSION=0.1.126\", \"package_version\": \"0.1.126\", \"C1_REZ_PACKAGE_VERSION\": \"REZ_ONMAYAUTILS_VERSION=0.1.126\", \"package_name\": \"ONMAYAUTILS\"}",
            "{\"REZ_PACKAGE_VERSION\": \"REZ_ONMAYAUTILS_VERSION=0.1.126\", \"package_version\": \"0.1.126\", \"C1_REZ_PACKAGE_VERSION\": \"REZ_ONMAYAUTILS_VERSION=0.1.126\", \"package_name\": \"ONMAYAUTILS\"}",
            "{\"REZ_PACKAGE_VERSION\": \"REZ_ONMAYAUTILS_VERSION=0.1.126\", \"package_version\": \"0.1.126\", \"C1_REZ_PACKAGE_VERSION\": \"REZ_ONMAYAUTILS_VERSION=0.1.126\", \"package_name\": \"ONMAYAUTILS\"}",
            "{\"REZ_PACKAGE_VERSION\": \"REZ_ONMAYAUTILS_VERSION=0.1.126\", \"package_version\": \"0.1.126\", \"C1_REZ_PACKAGE_VERSION\": \"REZ_ONMAYAUTILS_VERSION=0.1.126\", \"package_name\": \"ONMAYAUTILS\"}",
            "{\"REZ_PACKAGE_VERSION\": \"REZ_ONMAYAUTILS_VERSION=0.1.126\", \"package_version\": \"0.1.126\", \"C1_REZ_PACKAGE_VERSION\": \"REZ_ONMAYAUTILS_VERSION=0.1.126\", \"package_name\": \"ONMAYAUTILS\"}",
            "{\"REZ_PACKAGE_VERSION\": \"REZ_ONMAYAUTILS_VERSION=0.1.126\", \"package_version\": \"0.1.126\", \"C1_REZ_PACKAGE_VERSION\": \"REZ_ONMAYAUTILS_VERSION=0.1.126\", \"package_name\": \"ONMAYAUTILS\"}",
            "{\"REZ_PACKAGE_VERSION\": \"REZ_ONMAYAUTILS_VERSION=0.1.126\", \"package_version\": \"0.1.126\", \"C1_REZ_PACKAGE_VERSION\": \"REZ_ONMAYAUTILS_VERSION=0.1.126\", \"package_name\": \"ONMAYAUTILS\"}",
            "{\"REZ_PACKAGE_VERSION\": \"REZ_ONMAYAUTILS_VERSION=0.1.126\", \"package_version\": \"0.1.126\", \"C1_REZ_PACKAGE_VERSION\": \"REZ_ONMAYAUTILS_VERSION=0.1.126\", \"package_name\": \"ONMAYAUTILS\"}"
        ],
        "inputs": [
            "/on/work/lpequignot/.packages/logparser/dev/logs/76696.log",
            "/on/work/lpequignot/.packages/logparser/dev/logs/76696.log",
            "/on/work/lpequignot/.packages/logparser/dev/logs/80320.log",
            "/on/work/lpequignot/.packages/logparser/dev/logs/89500.log",
            "/on/work/lpequignot/.packages/logparser/dev/logs/89501.log",
            "/on/work/lpequignot/.packages/logparser/dev/logs/89502.log",
            "/on/work/lpequignot/.packages/logparser/dev/logs/89503.log",
            "/on/work/lpequignot/.packages/logparser/dev/logs/89504.log",
            "/on/work/lpequignot/.packages/logparser/dev/logs/89505.log",
            "/on/work/lpequignot/.packages/logparser/dev/logs/89506.log",
            "/on/work/lpequignot/.packages/logparser/dev/logs/89507.log",
            "/on/work/lpequignot/.packages/logparser/dev/logs/89508.log",
            "/on/work/lpequignot/.packages/logparser/dev/logs/89509.log",
            "/on/work/lpequignot/.packages/logparser/dev/logs/89510.log",
            "/on/work/lpequignot/.packages/logparser/dev/logs/89512.log",
            "/on/work/lpequignot/.packages/logparser/dev/logs/89513.log",
            "/on/work/lpequignot/.packages/logparser/dev/logs/89514.log",
            "/on/work/lpequignot/.packages/logparser/dev/logs/89515.log",
            "/on/work/lpequignot/.packages/logparser/dev/logs/89516.log",
            "/on/work/lpequignot/.packages/logparser/dev/logs/89517.log",
            "/on/work/lpequignot/.packages/logparser/dev/logs/89518.log",
            "/on/work/lpequignot/.packages/logparser/dev/logs/89519.log",
            "/on/work/lpequignot/.packages/logparser/dev/logs/89520.log",
            "/on/work/lpequignot/.packages/logparser/dev/logs/89521.log",
            "/on/work/lpequignot/.packages/logparser/dev/logs/89522.log",
            "/on/work/lpequignot/.packages/logparser/dev/logs/89523.log",
            "/on/work/lpequignot/.packages/logparser/dev/logs/89524.log",
            "/on/work/lpequignot/.packages/logparser/dev/logs/89525.log",
            "/on/work/lpequignot/.packages/logparser/dev/logs/89527.log",
            "/on/work/lpequignot/.packages/logparser/dev/logs/89528.log",
            "/on/work/lpequignot/.packages/logparser/dev/logs/89529.log",
            "/on/work/lpequignot/.packages/logparser/dev/logs/89530.log",
            "/on/work/lpequignot/.packages/logparser/dev/logs/89531.log",
            "/on/work/lpequignot/.packages/logparser/dev/logs/89532.log",
            "/on/work/lpequignot/.packages/logparser/dev/logs/89533.log",
            "/on/work/lpequignot/.packages/logparser/dev/logs/89534.log",
            "/on/work/lpequignot/.packages/logparser/dev/logs/89535.log",
            "/on/work/lpequignot/.packages/logparser/dev/logs/89536.log",
            "/on/work/lpequignot/.packages/logparser/dev/logs/89537.log",
            "/on/work/lpequignot/.packages/logparser/dev/logs/89538.log",
            "/on/work/lpequignot/.packages/logparser/dev/logs/89539.log",
            "/on/work/lpequignot/.packages/logparser/dev/logs/89540.log"
        ],
        "total": 42
    },
    "source %{PATH =~ /.env$/ }": {
        "captures": [
            "{\"WINPATH\": null, \"PATH\": \"/on/work/lveracini/playmo/jobs/76322/mayadisassembly/job.env\", \"UNIXPATH\": \"/on/work/lveracini/playmo/jobs/76322/mayadisassembly/job.env\", \"C1_PATH\": \"/on/work/lveracini/playmo/jobs/76322/mayadisassembly/job.env\"}",
            "{\"WINPATH\": null, \"PATH\": \"/on/work/lveracini/playmo/jobs/76322/mayadisassembly/job.env\", \"UNIXPATH\": \"/on/work/lveracini/playmo/jobs/76322/mayadisassembly/job.env\", \"C1_PATH\": \"/on/work/lveracini/playmo/jobs/76322/mayadisassembly/job.env\"}",
            "{\"WINPATH\": null, \"PATH\": \"/on/work/lveracini/playmo/jobs/76322/mayadisassembly/job.env\", \"UNIXPATH\": \"/on/work/lveracini/playmo/jobs/76322/mayadisassembly/job.env\", \"C1_PATH\": \"/on/work/lveracini/playmo/jobs/76322/mayadisassembly/job.env\"}",
            "{\"WINPATH\": null, \"PATH\": \"/on/work/lveracini/playmo/jobs/76322/mayadisassembly/job.env\", \"UNIXPATH\": \"/on/work/lveracini/playmo/jobs/76322/mayadisassembly/job.env\", \"C1_PATH\": \"/on/work/lveracini/playmo/jobs/76322/mayadisassembly/job.env\"}",
            "{\"WINPATH\": null, \"PATH\": \"/on/work/lpequignot/playmo/jobs/80075/node_mayaplayblastinit/job.env\", \"UNIXPATH\": \"/on/work/lpequignot/playmo/jobs/80075/node_mayaplayblastinit/job.env\", \"C1_PATH\": \"/on/work/lpequignot/playmo/jobs/80075/node_mayaplayblastinit/job.env\"}",
            "{\"WINPATH\": null, \"PATH\": \"/on/work/lpequignot/playmo/jobs/80075/node_mayaplayblastinit/job.env\", \"UNIXPATH\": \"/on/work/lpequignot/playmo/jobs/80075/node_mayaplayblastinit/job.env\", \"C1_PATH\": \"/on/work/lpequignot/playmo/jobs/80075/node_mayaplayblastinit/job.env\"}",
            "{\"WINPATH\": null, \"PATH\": \"/on/work/ngordon/playmo/jobs/80121/mayaplayblast/job.env\", \"UNIXPATH\": \"/on/work/ngordon/playmo/jobs/80121/mayaplayblast/job.env\", \"C1_PATH\": \"/on/work/ngordon/playmo/jobs/80121/mayaplayblast/job.env\"}",
            "{\"WINPATH\": null, \"PATH\": \"/on/work/ngordon/playmo/jobs/80105/node_mayascenesplitshots/job.env\", \"UNIXPATH\": \"/on/work/ngordon/playmo/jobs/80105/node_mayascenesplitshots/job.env\", \"C1_PATH\": \"/on/work/ngordon/playmo/jobs/80105/node_mayascenesplitshots/job.env\"}",
            "{\"WINPATH\": null, \"PATH\": \"/on/work/kesuh/playmo/jobs/89496/node_mayagetcameraeditstate/job.env\", \"UNIXPATH\": \"/on/work/kesuh/playmo/jobs/89496/node_mayagetcameraeditstate/job.env\", \"C1_PATH\": \"/on/work/kesuh/playmo/jobs/89496/node_mayagetcameraeditstate/job.env\"}",
            "{\"WINPATH\": null, \"PATH\": \"/on/work/kesuh/playmo/jobs/89496/node_mayagetcameraeditstate/job.env\", \"UNIXPATH\": \"/on/work/kesuh/playmo/jobs/89496/node_mayagetcameraeditstate/job.env\", \"C1_PATH\": \"/on/work/kesuh/playmo/jobs/89496/node_mayagetcameraeditstate/job.env\"}",
            "{\"WINPATH\": null, \"PATH\": \"/on/work/kesuh/playmo/jobs/89496/mayaplayblastinit/job.env\", \"UNIXPATH\": \"/on/work/kesuh/playmo/jobs/89496/mayaplayblastinit/job.env\", \"C1_PATH\": \"/on/work/kesuh/playmo/jobs/89496/mayaplayblastinit/job.env\"}",
            "{\"WINPATH\": null, \"PATH\": \"/on/work/kesuh/playmo/jobs/89496/mayaplayblastinit/job.env\", \"UNIXPATH\": \"/on/work/kesuh/playmo/jobs/89496/mayaplayblastinit/job.env\", \"C1_PATH\": \"/on/work/kesuh/playmo/jobs/89496/mayaplayblastinit/job.env\"}",
            "{\"WINPATH\": null, \"PATH\": \"/on/work/kesuh/playmo/jobs/89496/mayaplayblast/job.env\", \"UNIXPATH\": \"/on/work/kesuh/playmo/jobs/89496/mayaplayblast/job.env\", \"C1_PATH\": \"/on/work/kesuh/playmo/jobs/89496/mayaplayblast/job.env\"}",
            "{\"WINPATH\": null, \"PATH\": \"/on/work/kesuh/playmo/jobs/89496/mayaplayblast/job.env\", \"UNIXPATH\": \"/on/work/kesuh/playmo/jobs/89496/mayaplayblast/job.env\", \"C1_PATH\": \"/on/work/kesuh/playmo/jobs/89496/mayaplayblast/job.env\"}",
            "{\"WINPATH\": null, \"PATH\": \"/on/work/kesuh/playmo/jobs/89496/converttomov/job.env\", \"UNIXPATH\": \"/on/work/kesuh/playmo/jobs/89496/converttomov/job.env\", \"C1_PATH\": \"/on/work/kesuh/playmo/jobs/89496/converttomov/job.env\"}",
            "{\"WINPATH\": null, \"PATH\": \"/on/work/kesuh/playmo/jobs/89496/converttomov/job.env\", \"UNIXPATH\": \"/on/work/kesuh/playmo/jobs/89496/converttomov/job.env\", \"C1_PATH\": \"/on/work/kesuh/playmo/jobs/89496/converttomov/job.env\"}",
            "{\"WINPATH\": null, \"PATH\": \"/on/work/kesuh/playmo/jobs/89496/repotransfer_playblast/job.env\", \"UNIXPATH\": \"/on/work/kesuh/playmo/jobs/89496/repotransfer_playblast/job.env\", \"C1_PATH\": \"/on/work/kesuh/playmo/jobs/89496/repotransfer_playblast/job.env\"}",
            "{\"WINPATH\": null, \"PATH\": \"/on/work/kesuh/playmo/jobs/89496/repotransfer_playblast/job.env\", \"UNIXPATH\": \"/on/work/kesuh/playmo/jobs/89496/repotransfer_playblast/job.env\", \"C1_PATH\": \"/on/work/kesuh/playmo/jobs/89496/repotransfer_playblast/job.env\"}",
            "{\"WINPATH\": null, \"PATH\": \"/on/work/kesuh/playmo/jobs/89496/converttowebvideo/job.env\", \"UNIXPATH\": \"/on/work/kesuh/playmo/jobs/89496/converttowebvideo/job.env\", \"C1_PATH\": \"/on/work/kesuh/playmo/jobs/89496/converttowebvideo/job.env\"}",
            "{\"WINPATH\": null, \"PATH\": \"/on/work/kesuh/playmo/jobs/89496/converttowebvideo/job.env\", \"UNIXPATH\": \"/on/work/kesuh/playmo/jobs/89496/converttowebvideo/job.env\", \"C1_PATH\": \"/on/work/kesuh/playmo/jobs/89496/converttowebvideo/job.env\"}",
            "{\"WINPATH\": null, \"PATH\": \"/on/work/kesuh/playmo/jobs/89496/repotransfer_webvideo/job.env\", \"UNIXPATH\": \"/on/work/kesuh/playmo/jobs/89496/repotransfer_webvideo/job.env\", \"C1_PATH\": \"/on/work/kesuh/playmo/jobs/89496/repotransfer_webvideo/job.env\"}",
            "{\"WINPATH\": null, \"PATH\": \"/on/work/kesuh/playmo/jobs/89496/repotransfer_webvideo/job.env\", \"UNIXPATH\": \"/on/work/kesuh/playmo/jobs/89496/repotransfer_webvideo/job.env\", \"C1_PATH\": \"/on/work/kesuh/playmo/jobs/89496/repotransfer_webvideo/job.env\"}",
            "{\"WINPATH\": null, \"PATH\": \"/on/work/kesuh/playmo/jobs/89496/createimagefrommov_thumbnail/job.env\", \"UNIXPATH\": \"/on/work/kesuh/playmo/jobs/89496/createimagefrommov_thumbnail/job.env\", \"C1_PATH\": \"/on/work/kesuh/playmo/jobs/89496/createimagefrommov_thumbnail/job.env\"}",
            "{\"WINPATH\": null, \"PATH\": \"/on/work/kesuh/playmo/jobs/89496/createimagefrommov_thumbnail/job.env\", \"UNIXPATH\": \"/on/work/kesuh/playmo/jobs/89496/createimagefrommov_thumbnail/job.env\", \"C1_PATH\": \"/on/work/kesuh/playmo/jobs/89496/createimagefrommov_thumbnail/job.env\"}",
            "{\"WINPATH\": null, \"PATH\": \"/on/work/kesuh/playmo/jobs/89496/repotransfer_thumbnail/job.env\", \"UNIXPATH\": \"/on/work/kesuh/playmo/jobs/89496/repotransfer_thumbnail/job.env\", \"C1_PATH\": \"/on/work/kesuh/playmo/jobs/89496/repotransfer_thumbnail/job.env\"}",
            "{\"WINPATH\": null, \"PATH\": \"/on/work/kesuh/playmo/jobs/89496/repotransfer_thumbnail/job.env\", \"UNIXPATH\": \"/on/work/kesuh/playmo/jobs/89496/repotransfer_thumbnail/job.env\", \"C1_PATH\": \"/on/work/kesuh/playmo/jobs/89496/repotransfer_thumbnail/job.env\"}",
            "{\"WINPATH\": null, \"PATH\": \"/on/work/kesuh/playmo/jobs/89496/node_mayascenetojsonversionuids/job.env\", \"UNIXPATH\": \"/on/work/kesuh/playmo/jobs/89496/node_mayascenetojsonversionuids/job.env\", \"C1_PATH\": \"/on/work/kesuh/playmo/jobs/89496/node_mayascenetojsonversionuids/job.env\"}",
            "{\"WINPATH\": null, \"PATH\": \"/on/work/kesuh/playmo/jobs/89496/node_mayascenetojsonversionuids/job.env\", \"UNIXPATH\": \"/on/work/kesuh/playmo/jobs/89496/node_mayascenetojsonversionuids/job.env\", \"C1_PATH\": \"/on/work/kesuh/playmo/jobs/89496/node_mayascenetojsonversionuids/job.env\"}",
            "{\"WINPATH\": null, \"PATH\": \"/on/work/kesuh/playmo/jobs/89496/repotransfer_jsonversionuids/job.env\", \"UNIXPATH\": \"/on/work/kesuh/playmo/jobs/89496/repotransfer_jsonversionuids/job.env\", \"C1_PATH\": \"/on/work/kesuh/playmo/jobs/89496/repotransfer_jsonversionuids/job.env\"}",
            "{\"WINPATH\": null, \"PATH\": \"/on/work/kesuh/playmo/jobs/89496/repotransfer_jsonversionuids/job.env\", \"UNIXPATH\": \"/on/work/kesuh/playmo/jobs/89496/repotransfer_jsonversionuids/job.env\", \"C1_PATH\": \"/on/work/kesuh/playmo/jobs/89496/repotransfer_jsonversionuids/job.env\"}",
            "{\"WINPATH\": null, \"PATH\": \"/on/work/riaccarino/playmo/jobs/89511/mayadisassembly/job.env\", \"UNIXPATH\": \"/on/work/riaccarino/playmo/jobs/89511/mayadisassembly/job.env\", \"C1_PATH\": \"/on/work/riaccarino/playmo/jobs/89511/mayadisassembly/job.env\"}",
            "{\"WINPATH\": null, \"PATH\": \"/on/work/riaccarino/playmo/jobs/89511/mayadisassembly/job.env\", \"UNIXPATH\": \"/on/work/riaccarino/playmo/jobs/89511/mayadisassembly/job.env\", \"C1_PATH\": \"/on/work/riaccarino/playmo/jobs/89511/mayadisassembly/job.env\"}",
            "{\"WINPATH\": null, \"PATH\": \"/on/work/riaccarino/playmo/jobs/89511/repotransfer_models/job.env\", \"UNIXPATH\": \"/on/work/riaccarino/playmo/jobs/89511/repotransfer_models/job.env\", \"C1_PATH\": \"/on/work/riaccarino/playmo/jobs/89511/repotransfer_models/job.env\"}",
            "{\"WINPATH\": null, \"PATH\": \"/on/work/riaccarino/playmo/jobs/89511/repotransfer_models/job.env\", \"UNIXPATH\": \"/on/work/riaccarino/playmo/jobs/89511/repotransfer_models/job.env\", \"C1_PATH\": \"/on/work/riaccarino/playmo/jobs/89511/repotransfer_models/job.env\"}",
            "{\"WINPATH\": null, \"PATH\": \"/on/work/riaccarino/playmo/jobs/89511/setcleanversion/job.env\", \"UNIXPATH\": \"/on/work/riaccarino/playmo/jobs/89511/setcleanversion/job.env\", \"C1_PATH\": \"/on/work/riaccarino/playmo/jobs/89511/setcleanversion/job.env\"}",
            "{\"WINPATH\": null, \"PATH\": \"/on/work/riaccarino/playmo/jobs/89511/setcleanversion/job.env\", \"UNIXPATH\": \"/on/work/riaccarino/playmo/jobs/89511/setcleanversion/job.env\", \"C1_PATH\": \"/on/work/riaccarino/playmo/jobs/89511/setcleanversion/job.env\"}",
            "{\"WINPATH\": null, \"PATH\": \"/on/work/riaccarino/playmo/jobs/89511/node_mayagetcameraeditstate/job.env\", \"UNIXPATH\": \"/on/work/riaccarino/playmo/jobs/89511/node_mayagetcameraeditstate/job.env\", \"C1_PATH\": \"/on/work/riaccarino/playmo/jobs/89511/node_mayagetcameraeditstate/job.env\"}",
            "{\"WINPATH\": null, \"PATH\": \"/on/work/riaccarino/playmo/jobs/89511/node_mayagetcameraeditstate/job.env\", \"UNIXPATH\": \"/on/work/riaccarino/playmo/jobs/89511/node_mayagetcameraeditstate/job.env\", \"C1_PATH\": \"/on/work/riaccarino/playmo/jobs/89511/node_mayagetcameraeditstate/job.env\"}",
            "{\"WINPATH\": null, \"PATH\": \"/on/work/riaccarino/playmo/jobs/89511/mayaplayblastinit/job.env\", \"UNIXPATH\": \"/on/work/riaccarino/playmo/jobs/89511/mayaplayblastinit/job.env\", \"C1_PATH\": \"/on/work/riaccarino/playmo/jobs/89511/mayaplayblastinit/job.env\"}",
            "{\"WINPATH\": null, \"PATH\": \"/on/work/riaccarino/playmo/jobs/89511/mayaplayblastinit/job.env\", \"UNIXPATH\": \"/on/work/riaccarino/playmo/jobs/89511/mayaplayblastinit/job.env\", \"C1_PATH\": \"/on/work/riaccarino/playmo/jobs/89511/mayaplayblastinit/job.env\"}",
            "{\"WINPATH\": null, \"PATH\": \"/on/work/riaccarino/playmo/jobs/89511/mayaplayblast/job.env\", \"UNIXPATH\": \"/on/work/riaccarino/playmo/jobs/89511/mayaplayblast/job.env\", \"C1_PATH\": \"/on/work/riaccarino/playmo/jobs/89511/mayaplayblast/job.env\"}",
            "{\"WINPATH\": null, \"PATH\": \"/on/work/riaccarino/playmo/jobs/89511/mayaplayblast/job.env\", \"UNIXPATH\": \"/on/work/riaccarino/playmo/jobs/89511/mayaplayblast/job.env\", \"C1_PATH\": \"/on/work/riaccarino/playmo/jobs/89511/mayaplayblast/job.env\"}",
            "{\"WINPATH\": null, \"PATH\": \"/on/work/riaccarino/playmo/jobs/89511/converttomov/job.env\", \"UNIXPATH\": \"/on/work/riaccarino/playmo/jobs/89511/converttomov/job.env\", \"C1_PATH\": \"/on/work/riaccarino/playmo/jobs/89511/converttomov/job.env\"}",
            "{\"WINPATH\": null, \"PATH\": \"/on/work/riaccarino/playmo/jobs/89511/converttomov/job.env\", \"UNIXPATH\": \"/on/work/riaccarino/playmo/jobs/89511/converttomov/job.env\", \"C1_PATH\": \"/on/work/riaccarino/playmo/jobs/89511/converttomov/job.env\"}",
            "{\"WINPATH\": null, \"PATH\": \"/on/work/riaccarino/playmo/jobs/89511/repotransfer_playblast/job.env\", \"UNIXPATH\": \"/on/work/riaccarino/playmo/jobs/89511/repotransfer_playblast/job.env\", \"C1_PATH\": \"/on/work/riaccarino/playmo/jobs/89511/repotransfer_playblast/job.env\"}",
            "{\"WINPATH\": null, \"PATH\": \"/on/work/riaccarino/playmo/jobs/89511/repotransfer_playblast/job.env\", \"UNIXPATH\": \"/on/work/riaccarino/playmo/jobs/89511/repotransfer_playblast/job.env\", \"C1_PATH\": \"/on/work/riaccarino/playmo/jobs/89511/repotransfer_playblast/job.env\"}",
            "{\"WINPATH\": null, \"PATH\": \"/on/work/riaccarino/playmo/jobs/89511/converttowebvideo/job.env\", \"UNIXPATH\": \"/on/work/riaccarino/playmo/jobs/89511/converttowebvideo/job.env\", \"C1_PATH\": \"/on/work/riaccarino/playmo/jobs/89511/converttowebvideo/job.env\"}",
            "{\"WINPATH\": null, \"PATH\": \"/on/work/riaccarino/playmo/jobs/89511/converttowebvideo/job.env\", \"UNIXPATH\": \"/on/work/riaccarino/playmo/jobs/89511/converttowebvideo/job.env\", \"C1_PATH\": \"/on/work/riaccarino/playmo/jobs/89511/converttowebvideo/job.env\"}",
            "{\"WINPATH\": null, \"PATH\": \"/on/work/riaccarino/playmo/jobs/89511/repotransfer_webvideo/job.env\", \"UNIXPATH\": \"/on/work/riaccarino/playmo/jobs/89511/repotransfer_webvideo/job.env\", \"C1_PATH\": \"/on/work/riaccarino/playmo/jobs/89511/repotransfer_webvideo/job.env\"}",
            "{\"WINPATH\": null, \"PATH\": \"/on/work/riaccarino/playmo/jobs/89511/repotransfer_webvideo/job.env\", \"UNIXPATH\": \"/on/work/riaccarino/playmo/jobs/89511/repotransfer_webvideo/job.env\", \"C1_PATH\": \"/on/work/riaccarino/playmo/jobs/89511/repotransfer_webvideo/job.env\"}",
            "{\"WINPATH\": null, \"PATH\": \"/on/work/riaccarino/playmo/jobs/89511/createimagefrommov_thumbnail/job.env\", \"UNIXPATH\": \"/on/work/riaccarino/playmo/jobs/89511/createimagefrommov_thumbnail/job.env\", \"C1_PATH\": \"/on/work/riaccarino/playmo/jobs/89511/createimagefrommov_thumbnail/job.env\"}",
            "{\"WINPATH\": null, \"PATH\": \"/on/work/riaccarino/playmo/jobs/89511/createimagefrommov_thumbnail/job.env\", \"UNIXPATH\": \"/on/work/riaccarino/playmo/jobs/89511/createimagefrommov_thumbnail/job.env\", \"C1_PATH\": \"/on/work/riaccarino/playmo/jobs/89511/createimagefrommov_thumbnail/job.env\"}",
            "{\"WINPATH\": null, \"PATH\": \"/on/work/riaccarino/playmo/jobs/89511/repotransfer_thumbnail/job.env\", \"UNIXPATH\": \"/on/work/riaccarino/playmo/jobs/89511/repotransfer_thumbnail/job.env\", \"C1_PATH\": \"/on/work/riaccarino/playmo/jobs/89511/repotransfer_thumbnail/job.env\"}",
            "{\"WINPATH\": null, \"PATH\": \"/on/work/riaccarino/playmo/jobs/89511/repotransfer_thumbnail/job.env\", \"UNIXPATH\": \"/on/work/riaccarino/playmo/jobs/89511/repotransfer_thumbnail/job.env\", \"C1_PATH\": \"/on/work/riaccarino/playmo/jobs/89511/repotransfer_thumbnail/job.env\"}",
            "{\"WINPATH\": null, \"PATH\": \"/on/work/riaccarino/playmo/jobs/89511/node_mayascenetojsonversionuids/job.env\", \"UNIXPATH\": \"/on/work/riaccarino/playmo/jobs/89511/node_mayascenetojsonversionuids/job.env\", \"C1_PATH\": \"/on/work/riaccarino/playmo/jobs/89511/node_mayascenetojsonversionuids/job.env\"}",
            "{\"WINPATH\": null, \"PATH\": \"/on/work/riaccarino/playmo/jobs/89511/node_mayascenetojsonversionuids/job.env\", \"UNIXPATH\": \"/on/work/riaccarino/playmo/jobs/89511/node_mayascenetojsonversionuids/job.env\", \"C1_PATH\": \"/on/work/riaccarino/playmo/jobs/89511/node_mayascenetojsonversionuids/job.env\"}",
            "{\"WINPATH\": null, \"PATH\": \"/on/work/riaccarino/playmo/jobs/89511/repotransfer_jsonversionuids/job.env\", \"UNIXPATH\": \"/on/work/riaccarino/playmo/jobs/89511/repotransfer_jsonversionuids/job.env\", \"C1_PATH\": \"/on/work/riaccarino/playmo/jobs/89511/repotransfer_jsonversionuids/job.env\"}",
            "{\"WINPATH\": null, \"PATH\": \"/on/work/riaccarino/playmo/jobs/89511/repotransfer_jsonversionuids/job.env\", \"UNIXPATH\": \"/on/work/riaccarino/playmo/jobs/89511/repotransfer_jsonversionuids/job.env\", \"C1_PATH\": \"/on/work/riaccarino/playmo/jobs/89511/repotransfer_jsonversionuids/job.env\"}",
            "{\"WINPATH\": null, \"PATH\": \"/on/work/jrgauthier/playmo/jobs/89526/mayadisassembly/job.env\", \"UNIXPATH\": \"/on/work/jrgauthier/playmo/jobs/89526/mayadisassembly/job.env\", \"C1_PATH\": \"/on/work/jrgauthier/playmo/jobs/89526/mayadisassembly/job.env\"}",
            "{\"WINPATH\": null, \"PATH\": \"/on/work/jrgauthier/playmo/jobs/89526/mayadisassembly/job.env\", \"UNIXPATH\": \"/on/work/jrgauthier/playmo/jobs/89526/mayadisassembly/job.env\", \"C1_PATH\": \"/on/work/jrgauthier/playmo/jobs/89526/mayadisassembly/job.env\"}",
            "{\"WINPATH\": null, \"PATH\": \"/on/work/jrgauthier/playmo/jobs/89526/repotransfer_models/job.env\", \"UNIXPATH\": \"/on/work/jrgauthier/playmo/jobs/89526/repotransfer_models/job.env\", \"C1_PATH\": \"/on/work/jrgauthier/playmo/jobs/89526/repotransfer_models/job.env\"}",
            "{\"WINPATH\": null, \"PATH\": \"/on/work/jrgauthier/playmo/jobs/89526/repotransfer_models/job.env\", \"UNIXPATH\": \"/on/work/jrgauthier/playmo/jobs/89526/repotransfer_models/job.env\", \"C1_PATH\": \"/on/work/jrgauthier/playmo/jobs/89526/repotransfer_models/job.env\"}",
            "{\"WINPATH\": null, \"PATH\": \"/on/work/jrgauthier/playmo/jobs/89526/setcleanversion/job.env\", \"UNIXPATH\": \"/on/work/jrgauthier/playmo/jobs/89526/setcleanversion/job.env\", \"C1_PATH\": \"/on/work/jrgauthier/playmo/jobs/89526/setcleanversion/job.env\"}",
            "{\"WINPATH\": null, \"PATH\": \"/on/work/jrgauthier/playmo/jobs/89526/setcleanversion/job.env\", \"UNIXPATH\": \"/on/work/jrgauthier/playmo/jobs/89526/setcleanversion/job.env\", \"C1_PATH\": \"/on/work/jrgauthier/playmo/jobs/89526/setcleanversion/job.env\"}",
            "{\"WINPATH\": null, \"PATH\": \"/on/work/jrgauthier/playmo/jobs/89526/node_mayagetcameraeditstate/job.env\", \"UNIXPATH\": \"/on/work/jrgauthier/playmo/jobs/89526/node_mayagetcameraeditstate/job.env\", \"C1_PATH\": \"/on/work/jrgauthier/playmo/jobs/89526/node_mayagetcameraeditstate/job.env\"}",
            "{\"WINPATH\": null, \"PATH\": \"/on/work/jrgauthier/playmo/jobs/89526/node_mayagetcameraeditstate/job.env\", \"UNIXPATH\": \"/on/work/jrgauthier/playmo/jobs/89526/node_mayagetcameraeditstate/job.env\", \"C1_PATH\": \"/on/work/jrgauthier/playmo/jobs/89526/node_mayagetcameraeditstate/job.env\"}",
            "{\"WINPATH\": null, \"PATH\": \"/on/work/jrgauthier/playmo/jobs/89526/mayaplayblastinit/job.env\", \"UNIXPATH\": \"/on/work/jrgauthier/playmo/jobs/89526/mayaplayblastinit/job.env\", \"C1_PATH\": \"/on/work/jrgauthier/playmo/jobs/89526/mayaplayblastinit/job.env\"}",
            "{\"WINPATH\": null, \"PATH\": \"/on/work/jrgauthier/playmo/jobs/89526/mayaplayblastinit/job.env\", \"UNIXPATH\": \"/on/work/jrgauthier/playmo/jobs/89526/mayaplayblastinit/job.env\", \"C1_PATH\": \"/on/work/jrgauthier/playmo/jobs/89526/mayaplayblastinit/job.env\"}",
            "{\"WINPATH\": null, \"PATH\": \"/on/work/jrgauthier/playmo/jobs/89526/mayaplayblast/job.env\", \"UNIXPATH\": \"/on/work/jrgauthier/playmo/jobs/89526/mayaplayblast/job.env\", \"C1_PATH\": \"/on/work/jrgauthier/playmo/jobs/89526/mayaplayblast/job.env\"}",
            "{\"WINPATH\": null, \"PATH\": \"/on/work/jrgauthier/playmo/jobs/89526/mayaplayblast/job.env\", \"UNIXPATH\": \"/on/work/jrgauthier/playmo/jobs/89526/mayaplayblast/job.env\", \"C1_PATH\": \"/on/work/jrgauthier/playmo/jobs/89526/mayaplayblast/job.env\"}",
            "{\"WINPATH\": null, \"PATH\": \"/on/work/jrgauthier/playmo/jobs/89526/converttomov/job.env\", \"UNIXPATH\": \"/on/work/jrgauthier/playmo/jobs/89526/converttomov/job.env\", \"C1_PATH\": \"/on/work/jrgauthier/playmo/jobs/89526/converttomov/job.env\"}",
            "{\"WINPATH\": null, \"PATH\": \"/on/work/jrgauthier/playmo/jobs/89526/converttomov/job.env\", \"UNIXPATH\": \"/on/work/jrgauthier/playmo/jobs/89526/converttomov/job.env\", \"C1_PATH\": \"/on/work/jrgauthier/playmo/jobs/89526/converttomov/job.env\"}",
            "{\"WINPATH\": null, \"PATH\": \"/on/work/jrgauthier/playmo/jobs/89526/repotransfer_playblast/job.env\", \"UNIXPATH\": \"/on/work/jrgauthier/playmo/jobs/89526/repotransfer_playblast/job.env\", \"C1_PATH\": \"/on/work/jrgauthier/playmo/jobs/89526/repotransfer_playblast/job.env\"}",
            "{\"WINPATH\": null, \"PATH\": \"/on/work/jrgauthier/playmo/jobs/89526/repotransfer_playblast/job.env\", \"UNIXPATH\": \"/on/work/jrgauthier/playmo/jobs/89526/repotransfer_playblast/job.env\", \"C1_PATH\": \"/on/work/jrgauthier/playmo/jobs/89526/repotransfer_playblast/job.env\"}",
            "{\"WINPATH\": null, \"PATH\": \"/on/work/jrgauthier/playmo/jobs/89526/converttowebvideo/job.env\", \"UNIXPATH\": \"/on/work/jrgauthier/playmo/jobs/89526/converttowebvideo/job.env\", \"C1_PATH\": \"/on/work/jrgauthier/playmo/jobs/89526/converttowebvideo/job.env\"}",
            "{\"WINPATH\": null, \"PATH\": \"/on/work/jrgauthier/playmo/jobs/89526/converttowebvideo/job.env\", \"UNIXPATH\": \"/on/work/jrgauthier/playmo/jobs/89526/converttowebvideo/job.env\", \"C1_PATH\": \"/on/work/jrgauthier/playmo/jobs/89526/converttowebvideo/job.env\"}",
            "{\"WINPATH\": null, \"PATH\": \"/on/work/jrgauthier/playmo/jobs/89526/repotransfer_webvideo/job.env\", \"UNIXPATH\": \"/on/work/jrgauthier/playmo/jobs/89526/repotransfer_webvideo/job.env\", \"C1_PATH\": \"/on/work/jrgauthier/playmo/jobs/89526/repotransfer_webvideo/job.env\"}",
            "{\"WINPATH\": null, \"PATH\": \"/on/work/jrgauthier/playmo/jobs/89526/repotransfer_webvideo/job.env\", \"UNIXPATH\": \"/on/work/jrgauthier/playmo/jobs/89526/repotransfer_webvideo/job.env\", \"C1_PATH\": \"/on/work/jrgauthier/playmo/jobs/89526/repotransfer_webvideo/job.env\"}",
            "{\"WINPATH\": null, \"PATH\": \"/on/work/jrgauthier/playmo/jobs/89526/createimagefrommov_thumbnail/job.env\", \"UNIXPATH\": \"/on/work/jrgauthier/playmo/jobs/89526/createimagefrommov_thumbnail/job.env\", \"C1_PATH\": \"/on/work/jrgauthier/playmo/jobs/89526/createimagefrommov_thumbnail/job.env\"}",
            "{\"WINPATH\": null, \"PATH\": \"/on/work/jrgauthier/playmo/jobs/89526/createimagefrommov_thumbnail/job.env\", \"UNIXPATH\": \"/on/work/jrgauthier/playmo/jobs/89526/createimagefrommov_thumbnail/job.env\", \"C1_PATH\": \"/on/work/jrgauthier/playmo/jobs/89526/createimagefrommov_thumbnail/job.env\"}",
            "{\"WINPATH\": null, \"PATH\": \"/on/work/jrgauthier/playmo/jobs/89526/repotransfer_thumbnail/job.env\", \"UNIXPATH\": \"/on/work/jrgauthier/playmo/jobs/89526/repotransfer_thumbnail/job.env\", \"C1_PATH\": \"/on/work/jrgauthier/playmo/jobs/89526/repotransfer_thumbnail/job.env\"}",
            "{\"WINPATH\": null, \"PATH\": \"/on/work/jrgauthier/playmo/jobs/89526/repotransfer_thumbnail/job.env\", \"UNIXPATH\": \"/on/work/jrgauthier/playmo/jobs/89526/repotransfer_thumbnail/job.env\", \"C1_PATH\": \"/on/work/jrgauthier/playmo/jobs/89526/repotransfer_thumbnail/job.env\"}",
            "{\"WINPATH\": null, \"PATH\": \"/on/work/jrgauthier/playmo/jobs/89526/node_mayascenetojsonversionuids/job.env\", \"UNIXPATH\": \"/on/work/jrgauthier/playmo/jobs/89526/node_mayascenetojsonversionuids/job.env\", \"C1_PATH\": \"/on/work/jrgauthier/playmo/jobs/89526/node_mayascenetojsonversionuids/job.env\"}",
            "{\"WINPATH\": null, \"PATH\": \"/on/work/jrgauthier/playmo/jobs/89526/node_mayascenetojsonversionuids/job.env\", \"UNIXPATH\": \"/on/work/jrgauthier/playmo/jobs/89526/node_mayascenetojsonversionuids/job.env\", \"C1_PATH\": \"/on/work/jrgauthier/playmo/jobs/89526/node_mayascenetojsonversionuids/job.env\"}",
            "{\"WINPATH\": null, \"PATH\": \"/on/work/jrgauthier/playmo/jobs/89526/repotransfer_jsonversionuids/job.env\", \"UNIXPATH\": \"/on/work/jrgauthier/playmo/jobs/89526/repotransfer_jsonversionuids/job.env\", \"C1_PATH\": \"/on/work/jrgauthier/playmo/jobs/89526/repotransfer_jsonversionuids/job.env\"}",
            "{\"WINPATH\": null, \"PATH\": \"/on/work/jrgauthier/playmo/jobs/89526/repotransfer_jsonversionuids/job.env\", \"UNIXPATH\": \"/on/work/jrgauthier/playmo/jobs/89526/repotransfer_jsonversionuids/job.env\", \"C1_PATH\": \"/on/work/jrgauthier/playmo/jobs/89526/repotransfer_jsonversionuids/job.env\"}"
        ],
        "inputs": [
            "/on/work/lpequignot/.packages/logparser/dev/logs/76696.log",
            "/on/work/lpequignot/.packages/logparser/dev/logs/76696.log",
            "/on/work/lpequignot/.packages/logparser/dev/logs/76696.log",
            "/on/work/lpequignot/.packages/logparser/dev/logs/76696.log",
            "/on/work/lpequignot/.packages/logparser/dev/logs/80077.log",
            "/on/work/lpequignot/.packages/logparser/dev/logs/80077.log",
            "/on/work/lpequignot/.packages/logparser/dev/logs/80320.log",
            "/on/work/lpequignot/.packages/logparser/dev/logs/80320.log",
            "/on/work/lpequignot/.packages/logparser/dev/logs/89500.log",
            "/on/work/lpequignot/.packages/logparser/dev/logs/89500.log",
            "/on/work/lpequignot/.packages/logparser/dev/logs/89501.log",
            "/on/work/lpequignot/.packages/logparser/dev/logs/89501.log",
            "/on/work/lpequignot/.packages/logparser/dev/logs/89502.log",
            "/on/work/lpequignot/.packages/logparser/dev/logs/89502.log",
            "/on/work/lpequignot/.packages/logparser/dev/logs/89503.log",
            "/on/work/lpequignot/.packages/logparser/dev/logs/89503.log",
            "/on/work/lpequignot/.packages/logparser/dev/logs/89504.log",
            "/on/work/lpequignot/.packages/logparser/dev/logs/89504.log",
            "/on/work/lpequignot/.packages/logparser/dev/logs/89505.log",
            "/on/work/lpequignot/.packages/logparser/dev/logs/89505.log",
            "/on/work/lpequignot/.packages/logparser/dev/logs/89506.log",
            "/on/work/lpequignot/.packages/logparser/dev/logs/89506.log",
            "/on/work/lpequignot/.packages/logparser/dev/logs/89507.log",
            "/on/work/lpequignot/.packages/logparser/dev/logs/89507.log",
            "/on/work/lpequignot/.packages/logparser/dev/logs/89508.log",
            "/on/work/lpequignot/.packages/logparser/dev/logs/89508.log",
            "/on/work/lpequignot/.packages/logparser/dev/logs/89509.log",
            "/on/work/lpequignot/.packages/logparser/dev/logs/89509.log",
            "/on/work/lpequignot/.packages/logparser/dev/logs/89510.log",
            "/on/work/lpequignot/.packages/logparser/dev/logs/89510.log",
            "/on/work/lpequignot/.packages/logparser/dev/logs/89512.log",
            "/on/work/lpequignot/.packages/logparser/dev/logs/89512.log",
            "/on/work/lpequignot/.packages/logparser/dev/logs/89513.log",
            "/on/work/lpequignot/.packages/logparser/dev/logs/89513.log",
            "/on/work/lpequignot/.packages/logparser/dev/logs/89514.log",
            "/on/work/lpequignot/.packages/logparser/dev/logs/89514.log",
            "/on/work/lpequignot/.packages/logparser/dev/logs/89515.log",
            "/on/work/lpequignot/.packages/logparser/dev/logs/89515.log",
            "/on/work/lpequignot/.packages/logparser/dev/logs/89516.log",
            "/on/work/lpequignot/.packages/logparser/dev/logs/89516.log",
            "/on/work/lpequignot/.packages/logparser/dev/logs/89517.log",
            "/on/work/lpequignot/.packages/logparser/dev/logs/89517.log",
            "/on/work/lpequignot/.packages/logparser/dev/logs/89518.log",
            "/on/work/lpequignot/.packages/logparser/dev/logs/89518.log",
            "/on/work/lpequignot/.packages/logparser/dev/logs/89519.log",
            "/on/work/lpequignot/.packages/logparser/dev/logs/89519.log",
            "/on/work/lpequignot/.packages/logparser/dev/logs/89520.log",
            "/on/work/lpequignot/.packages/logparser/dev/logs/89520.log",
            "/on/work/lpequignot/.packages/logparser/dev/logs/89521.log",
            "/on/work/lpequignot/.packages/logparser/dev/logs/89521.log",
            "/on/work/lpequignot/.packages/logparser/dev/logs/89522.log",
            "/on/work/lpequignot/.packages/logparser/dev/logs/89522.log",
            "/on/work/lpequignot/.packages/logparser/dev/logs/89523.log",
            "/on/work/lpequignot/.packages/logparser/dev/logs/89523.log",
            "/on/work/lpequignot/.packages/logparser/dev/logs/89524.log",
            "/on/work/lpequignot/.packages/logparser/dev/logs/89524.log",
            "/on/work/lpequignot/.packages/logparser/dev/logs/89525.log",
            "/on/work/lpequignot/.packages/logparser/dev/logs/89525.log",
            "/on/work/lpequignot/.packages/logparser/dev/logs/89527.log",
            "/on/work/lpequignot/.packages/logparser/dev/logs/89527.log",
            "/on/work/lpequignot/.packages/logparser/dev/logs/89528.log",
            "/on/work/lpequignot/.packages/logparser/dev/logs/89528.log",
            "/on/work/lpequignot/.packages/logparser/dev/logs/89529.log",
            "/on/work/lpequignot/.packages/logparser/dev/logs/89529.log",
            "/on/work/lpequignot/.packages/logparser/dev/logs/89530.log",
            "/on/work/lpequignot/.packages/logparser/dev/logs/89530.log",
            "/on/work/lpequignot/.packages/logparser/dev/logs/89531.log",
            "/on/work/lpequignot/.packages/logparser/dev/logs/89531.log",
            "/on/work/lpequignot/.packages/logparser/dev/logs/89532.log",
            "/on/work/lpequignot/.packages/logparser/dev/logs/89532.log",
            "/on/work/lpequignot/.packages/logparser/dev/logs/89533.log",
            "/on/work/lpequignot/.packages/logparser/dev/logs/89533.log",
            "/on/work/lpequignot/.packages/logparser/dev/logs/89534.log",
            "/on/work/lpequignot/.packages/logparser/dev/logs/89534.log",
            "/on/work/lpequignot/.packages/logparser/dev/logs/89535.log",
            "/on/work/lpequignot/.packages/logparser/dev/logs/89535.log",
            "/on/work/lpequignot/.packages/logparser/dev/logs/89536.log",
            "/on/work/lpequignot/.packages/logparser/dev/logs/89536.log",
            "/on/work/lpequignot/.packages/logparser/dev/logs/89537.log",
            "/on/work/lpequignot/.packages/logparser/dev/logs/89537.log",
            "/on/work/lpequignot/.packages/logparser/dev/logs/89538.log",
            "/on/work/lpequignot/.packages/logparser/dev/logs/89538.log",
            "/on/work/lpequignot/.packages/logparser/dev/logs/89539.log",
            "/on/work/lpequignot/.packages/logparser/dev/logs/89539.log",
            "/on/work/lpequignot/.packages/logparser/dev/logs/89540.log",
            "/on/work/lpequignot/.packages/logparser/dev/logs/89540.log"
        ],
        "total": 86
    },
    "total": 52
}
